--- Startup times for process: Primary/TUI ---

times in msec
 clock   self+sourced   self:  sourced script
 clock   elapsed:              other lines

000.000  000.000: --- NVIM STARTING ---
005.354  005.353: event init
011.025  005.671: early init
011.098  000.073: locale set
015.966  004.868: init first window
021.004  005.037: inits 1
021.010  000.006: window checked
021.015  000.005: parsing arguments
026.047  000.021  000.021: require('vim.shared')
026.091  000.018  000.018: require('vim.inspect')
026.117  000.019  000.019: require('vim._options')
026.118  000.069  000.032: require('vim._editor')
026.119  000.108  000.018: require('vim._init_packages')
026.120  004.997: init lua interpreter
026.469  000.349: --- NVIM STARTED ---

--- Startup times for process: Embedded ---

times in msec
 clock   self+sourced   self:  sourced script
 clock   elapsed:              other lines

000.000  000.000: --- NVIM STARTING ---
000.080  000.080: event init
000.115  000.035: early init
000.179  000.064: locale set
000.200  000.020: init first window
000.318  000.118: inits 1
000.323  000.005: window checked
000.324  000.002: parsing arguments
000.599  000.023  000.023: require('vim.shared')
000.641  000.018  000.018: require('vim.inspect')
000.670  000.019  000.019: require('vim._options')
000.671  000.071  000.033: require('vim._editor')
000.671  000.109  000.016: require('vim._init_packages')
000.672  000.238: init lua interpreter
000.690  000.018: expanding arguments
000.700  000.010: inits 2
001.499  000.799: init highlight
001.500  000.001: waiting for UI
002.141  000.641: done waiting for UI
002.146  000.006: clear screen
002.186  000.004  000.004: require('vim.keymap')
005.389  001.692  001.692: require('vim.termcap')
005.563  000.164  000.164: require('vim.text')
006.239  004.090  002.230: require('vim._defaults')
006.241  000.005: init default mappings & autocommands
006.891  000.344  000.344: sourcing /tmp/.mount_nvimKJgmpo/usr/share/nvim/runtime/ftplugin.vim
007.488  000.332  000.332: sourcing /tmp/.mount_nvimKJgmpo/usr/share/nvim/runtime/indent.vim
008.373  000.110  000.110: require('packer.util')
008.420  000.693  000.583: require('packer')
008.580  000.158  000.158: require('packer.log')
008.845  000.091  000.091: require('packer.async')
009.040  000.068  000.068: require('packer.result')
009.042  000.196  000.128: require('packer.jobs')
009.045  000.456  000.169: require('packer.plugin_utils')
009.282  000.233  000.233: require('packer.snapshot')
009.365  001.749  000.208: require('codeyman2.plugins-setup')
009.488  000.122  000.122: require('codeyman2.core.options')
009.912  000.183  000.183: require('telescope.builtin')
010.386  000.078  000.078: require('notify.util.queue')
010.388  000.191  000.113: require('notify.util')
010.650  000.261  000.261: require('notify.config.highlights')
010.653  000.563  000.111: require('notify.config')
010.864  000.047  000.047: require('notify.stages')
010.976  000.110  000.110: require('notify.service.notification')
011.272  000.057  000.057: require('notify.animate.spring')
011.273  000.100  000.043: require('notify.animate')
011.275  000.298  000.198: require('notify.windows')
011.537  000.106  000.106: require('notify.service.buffer.highlights')
011.539  000.191  000.085: require('notify.service.buffer')
011.541  000.265  000.073: require('notify.service')
011.643  000.102  000.102: require('notify.stages.util')
011.644  000.990  000.168: require('notify.instance')
011.646  001.661  000.108: require('notify')
011.787  000.109  000.109: require('neogit')
011.826  002.337  000.383: require('codeyman2.core.keymaps')
011.998  000.073  000.073: require('transparent.config')
012.051  000.052  000.052: require('transparent.cache')
012.921  001.083  000.958: require('transparent')
012.931  001.104  000.021: require('codeyman2.plugins.nvim-transparent')
013.060  000.104  000.104: require('catppuccin')
013.245  000.026  000.026: require('catppuccin.lib.hashing')
013.997  000.624  000.624: sourcing /home/codey/.local/share/nvim/site/pack/packer/start/catppuccin/colors/catppuccin.vim
014.026  001.093  000.339: require('codeyman2.core.colorscheme-catpuccin')
014.072  000.033  000.033: require('Comment')
014.104  000.031  000.031: require('Comment.config')
014.458  000.174  000.174: require('Comment.ft')
014.461  000.308  000.135: require('Comment.utils')
014.535  000.073  000.073: require('Comment.opfunc')
014.593  000.057  000.057: require('Comment.extra')
014.595  000.490  000.051: require('Comment.api')
014.685  000.658  000.104: require('codeyman2.plugins.comment')
015.565  000.066  000.066: require('nvim-tree.notify')
015.567  000.136  000.070: require('nvim-tree.events')
015.839  000.074  000.074: require('nvim-tree.log')
016.085  000.061  000.061: require('nvim-tree.iterators.node-iterator')
016.110  000.271  000.210: require('nvim-tree.utils')
016.196  000.084  000.084: require('nvim-tree.git.utils')
016.305  000.109  000.109: require('nvim-tree.git.runner')
016.407  000.101  000.101: require('nvim-tree.watcher')
016.485  000.077  000.077: require('nvim-tree.explorer.node')
016.487  000.844  000.128: require('nvim-tree.git')
016.556  000.068  000.068: require('nvim-tree.explorer.watch')
016.700  000.066  000.066: require('nvim-tree.explorer.node-builders')
016.816  000.115  000.115: require('nvim-tree.explorer.sorters')
016.964  000.056  000.056: require('nvim-tree.marks')
016.965  000.148  000.093: require('nvim-tree.explorer.filters')
017.284  000.218  000.218: require('nvim-tree.view')
017.286  000.321  000.103: require('nvim-tree.live-filter')
017.288  000.731  000.081: require('nvim-tree.explorer.explore')
017.392  000.104  000.104: require('nvim-tree.explorer.reload')
017.394  001.826  000.078: require('nvim-tree.explorer')
017.395  002.020  000.058: require('nvim-tree.core')
017.478  000.082  000.082: require('nvim-tree.renderer.components.padding')
017.552  000.074  000.074: require('nvim-tree.renderer.components.icons')
017.641  000.088  000.088: require('nvim-tree.renderer.components.full-name')
017.896  000.043  000.043: require('nvim-tree.enum')
017.962  000.065  000.065: require('nvim-tree.renderer.decorator')
017.963  000.164  000.056: require('nvim-tree.renderer.decorator.bookmarks')
018.013  000.049  000.049: require('nvim-tree.renderer.decorator.copied')
018.063  000.049  000.049: require('nvim-tree.renderer.decorator.cut')
018.245  000.104  000.104: require('nvim-tree.diagnostics')
019.317  000.005  000.005: require('vim.F')
019.361  001.114  001.109: require('vim.diagnostic')
019.365  001.302  000.084: require('nvim-tree.renderer.decorator.diagnostics')
019.506  000.140  000.140: require('nvim-tree.renderer.decorator.git')
019.656  000.085  000.085: require('nvim-tree.buffers')
019.659  000.152  000.067: require('nvim-tree.renderer.decorator.modified')
019.714  000.055  000.055: require('nvim-tree.renderer.decorator.opened')
019.719  002.078  000.167: require('nvim-tree.renderer.builder')
019.722  004.427  000.086: require('nvim-tree.renderer')
019.727  004.627  000.199: require('nvim-tree.lib')
019.876  000.148  000.148: require('nvim-tree.appearance')
020.427  000.075  000.075: require('nvim-tree.actions.finders.find-file')
020.506  000.077  000.077: require('nvim-tree.actions.finders.search-node')
020.507  000.200  000.048: require('nvim-tree.actions.finders')
020.819  000.074  000.074: require('nvim-tree.actions.reloaders')
020.824  000.260  000.186: require('nvim-tree.actions.fs.copy-paste')
020.913  000.089  000.089: require('nvim-tree.actions.fs.create-file')
021.007  000.093  000.093: require('nvim-tree.actions.fs.remove-file')
021.117  000.108  000.108: require('nvim-tree.actions.fs.rename-file')
021.215  000.097  000.097: require('nvim-tree.actions.fs.trash')
021.216  000.708  000.060: require('nvim-tree.actions.fs')
021.360  000.098  000.098: require('nvim-tree.actions.moves.item')
021.417  000.056  000.056: require('nvim-tree.actions.moves.parent')
021.476  000.059  000.059: require('nvim-tree.actions.moves.sibling')
021.477  000.260  000.047: require('nvim-tree.actions.moves')
021.613  000.089  000.089: require('nvim-tree.actions.node.file-popup')
021.804  000.191  000.191: require('nvim-tree.actions.node.open-file')
021.854  000.048  000.048: require('nvim-tree.actions.node.run-command')
021.925  000.071  000.071: require('nvim-tree.actions.node.system-open')
021.926  000.449  000.049: require('nvim-tree.actions.node')
022.053  000.081  000.081: require('nvim-tree.actions.root.change-dir')
022.117  000.064  000.064: require('nvim-tree.actions.root.dir-up')
022.118  000.191  000.047: require('nvim-tree.actions.root')
022.232  000.064  000.064: require('nvim-tree.actions.tree.find-file')
022.353  000.076  000.076: require('nvim-tree.actions.tree.modifiers.collapse-all')
022.446  000.092  000.092: require('nvim-tree.actions.tree.modifiers.expand-all')
022.513  000.067  000.067: require('nvim-tree.actions.tree.modifiers.toggles')
022.547  000.314  000.080: require('nvim-tree.actions.tree.modifiers')
022.631  000.084  000.084: require('nvim-tree.actions.tree.open')
022.705  000.073  000.073: require('nvim-tree.actions.tree.toggle')
022.706  000.587  000.052: require('nvim-tree.actions.tree')
022.707  002.449  000.054: require('nvim-tree.actions')
022.830  000.123  000.123: require('nvim-tree.appearance.diagnostics')
023.146  000.150  000.150: require('nvim-tree.keymap')
023.148  000.317  000.168: require('nvim-tree.help')
023.224  000.075  000.075: require('nvim-tree.marks.navigation')
023.283  000.058  000.058: require('nvim-tree.marks.bulk-delete')
023.336  000.053  000.053: require('nvim-tree.marks.bulk-trash')
023.398  000.061  000.061: require('nvim-tree.marks.bulk-move')
023.412  003.447  000.311: require('nvim-tree.api')
023.415  003.538  000.091: require('nvim-tree.commands')
023.481  000.065  000.065: require('nvim-tree.legacy')
023.491  008.788  000.410: require('nvim-tree')
024.666  000.572  000.572: require('nvim-web-devicons.icons-default')
024.745  000.875  000.303: require('nvim-web-devicons')
026.307  011.621  001.958: require('codeyman2.plugins.nvim-tree')
026.701  000.069  000.069: require('lualine_require')
026.873  000.539  000.470: require('lualine')
026.986  000.042  000.042: require('noice.util.lazy')
026.989  000.114  000.072: require('noice')
027.027  000.037  000.037: require('noice.api')
027.093  000.065  000.065: require('noice.api.status')
027.456  000.033  000.033: require('catppuccin.utils.lualine')
027.481  000.024  000.024: require('catppuccin.palettes')
027.501  000.018  000.018: require('catppuccin.palettes.mocha')
028.509  000.055  000.055: require('lualine.utils.mode')
029.872  003.563  002.677: require('codeyman2.plugins.lualine')
032.733  000.231  000.231: require('vim.treesitter.language')
033.181  000.445  000.445: require('vim.func')
033.383  000.197  000.197: require('vim.func._memoize')
033.419  001.469  000.597: require('vim.treesitter.query')
033.683  000.263  000.263: require('vim.treesitter._range')
033.750  002.517  000.785: require('vim.treesitter.languagetree')
033.762  003.167  000.650: require('vim.treesitter')
033.768  003.245  000.078: require('nvim-treesitter.compat')
034.714  000.605  000.605: require('nvim-treesitter.parsers')
034.829  000.113  000.113: require('nvim-treesitter.utils')
034.832  000.920  000.203: require('nvim-treesitter.ts_utils')
034.835  001.066  000.146: require('nvim-treesitter.tsrange')
034.895  000.059  000.059: require('nvim-treesitter.caching')
034.900  004.570  000.200: require('nvim-treesitter.query')
034.906  005.001  000.431: require('nvim-treesitter.configs')
035.429  000.124  000.124: require('nvim-treesitter.info')
035.570  000.138  000.138: require('nvim-treesitter.shell_command_selectors')
035.582  000.658  000.396: require('nvim-treesitter.install')
036.257  000.635  000.635: require('vim.iter')
052.761  022.886  016.592: require('codeyman2.plugins.treesitter')
053.164  000.196  000.196: require('lsp-zero.server')
055.018  000.015  000.015: require('vim.fs')
055.034  000.565  000.550: require('vim.lsp.log')
055.559  000.523  000.523: require('vim.lsp.protocol')
056.905  000.525  000.525: require('vim.highlight')
056.916  001.355  000.830: require('vim.lsp.util')
057.675  000.243  000.243: require('vim.lsp.sync')
057.678  000.760  000.517: require('vim.lsp._changetracking')
058.056  000.377  000.377: require('vim.lsp.rpc')
058.093  004.427  000.847: require('vim.lsp')
058.164  004.676  000.249: require('lspconfig.util')
058.465  000.066  000.066: require('cmp_nvim_lsp.source')
058.468  000.142  000.076: require('cmp_nvim_lsp')
058.736  000.065  000.065: require('lspconfig.async')
058.738  000.205  000.140: require('lspconfig.configs')
058.739  000.270  000.065: require('lspconfig')
058.872  006.026  000.743: require('lsp-zero')
058.929  000.055  000.055: require('lsp-zero.settings')
058.968  000.038  000.038: require('lsp-zero.preset')
059.007  000.035  000.035: require('lsp-zero.installer')
059.118  000.065  000.065: require('mason-core.path')
059.340  000.101  000.101: require('mason-core.functional')
059.454  000.034  000.034: require('mason-core.functional.data')
059.457  000.107  000.073: require('mason-core.functional.function')
059.502  000.038  000.038: require('mason-core.functional.relation')
059.548  000.043  000.043: require('mason-core.functional.logic')
059.556  000.436  000.147: require('mason-core.platform')
059.608  000.052  000.052: require('mason.settings')
059.609  000.601  000.048: require('mason')
059.900  000.137  000.137: require('mason-core.functional.list')
059.977  000.074  000.074: require('mason-core.functional.string')
059.989  000.372  000.161: require('mason.api.command')
060.080  000.089  000.089: require('mason-registry.sources')
060.312  000.121  000.121: require('mason-core.log')
060.344  000.031  000.031: require('mason-lspconfig.settings')
060.346  000.257  000.105: require('mason-lspconfig')
060.451  000.032  000.032: require('mason-lspconfig.notify')
060.453  000.106  000.074: require('mason-lspconfig.lspconfig_hook')
060.614  000.064  000.064: require('mason-core.functional.table')
060.640  000.186  000.122: require('mason-lspconfig.mappings.server')
060.819  000.054  000.054: require('mason-core.EventEmitter')
060.882  000.063  000.063: require('mason-core.optional')
061.081  000.110  000.110: require('mason-core.async')
061.114  000.032  000.032: require('mason-core.async.uv')
061.121  000.238  000.096: require('mason-core.fs')
061.134  000.493  000.138: require('mason-registry')
061.164  000.028  000.028: require('mason-lspconfig.server_config_extensions')
061.256  000.091  000.091: require('lspconfig.server_configurations.omnisharp')
061.637  000.043  000.043: require('mason-core.functional.number')
061.650  000.174  000.131: require('mason-lspconfig.api.command')
061.721  000.048  000.048: require('mason-lspconfig.ensure_installed')
061.950  000.094  000.094: require('mason-core.result')
062.225  000.148  000.148: require('mason-core.process')
062.367  000.141  000.141: require('mason-core.spawn')
062.370  000.337  000.048: require('mason-core.managers.powershell')
062.407  000.036  000.036: require('mason.version')
062.408  000.457  000.083: require('mason-core.fetch')
062.466  000.057  000.057: require('mason-core.providers')
062.889  000.195  000.195: require('mason-core.purl')
062.899  000.392  000.198: require('mason-core.package')
063.286  000.085  000.085: require('mason-core.installer.registry.expr')
063.293  000.254  000.169: require('mason-core.installer.registry.link')
063.907  000.090  000.090: require('mason-core.receipt')
063.921  000.279  000.189: require('mason-core.installer.context')
064.005  000.083  000.083: require('mason-core.async.control')
064.108  000.103  000.103: require('mason-core.installer.linker')
064.111  000.621  000.156: require('mason-core.installer')
064.126  000.770  000.149: require('mason-core.installer.managers.std')
064.128  000.834  000.065: require('mason-core.installer.registry.schemas')
064.193  000.065  000.065: require('mason-core.installer.registry.util')
064.206  001.306  000.153: require('mason-core.installer.registry')
064.209  001.742  000.044: require('mason-registry.sources.util')
064.215  002.490  000.140: require('mason-registry.sources.github')
067.162  000.232  000.232: require('null-ls.utils')
068.000  000.340  000.340: require('vim.health')
068.002  000.830  000.490: require('vim.deprecated.health')
068.164  001.346  000.284: require('null-ls.config')
068.277  000.055  000.055: require('null-ls.helpers.cache')
068.455  000.177  000.177: require('null-ls.helpers.diagnostics')
068.516  000.060  000.060: require('null-ls.helpers.formatter_factory')
068.830  000.071  000.071: require('null-ls.logger')
068.924  000.093  000.093: require('null-ls.state')
068.925  000.408  000.244: require('null-ls.helpers.generator_factory')
069.058  000.061  000.061: require('null-ls.helpers.command_resolver')
069.059  000.132  000.071: require('null-ls.helpers.make_builtin')
069.246  000.187  000.187: require('null-ls.helpers.range_formatting_args_factory')
069.287  001.122  000.103: require('null-ls.helpers')
069.835  000.228  000.228: require('null-ls.methods')
069.839  000.353  000.125: require('null-ls.diagnostics')
069.842  000.553  000.200: require('null-ls.sources')
069.899  000.056  000.056: require('null-ls.builtins')
069.900  003.164  000.087: require('null-ls')
069.901  003.201  000.037: require('mason-null-ls.automatic_setup')
069.902  003.357  000.156: require('mason-null-ls')
069.941  000.038  000.038: require('mason-null-ls.settings')
069.994  000.045  000.045: require('mason-null-ls.ensure_installed')
070.140  000.082  000.082: require('mason-null-ls.automatic_installation')
070.362  000.033  000.033: require('mason-core.notify')
070.378  000.149  000.116: require('mason-null-ls.api.command')
070.437  000.057  000.057: require('lspconfig.server_configurations.lua_ls')
071.209  000.131  000.131: require('lspconfig.manager')
071.743  000.072  000.072: require('lspconfig.server_configurations.clangd')
072.348  000.059  000.059: require('lsp-zero.setup')
073.031  000.043  000.043: require('cmp.utils.debug')
073.200  000.076  000.076: require('cmp.utils.char')
073.203  000.171  000.095: require('cmp.utils.str')
073.473  000.095  000.095: require('cmp.utils.misc')
073.517  000.042  000.042: require('cmp.utils.buffer')
073.580  000.062  000.062: require('cmp.utils.api')
073.582  000.321  000.121: require('cmp.utils.keymap')
073.583  000.379  000.058: require('cmp.utils.feedkeys')
073.996  000.045  000.045: require('cmp.types.cmp')
074.091  000.094  000.094: require('cmp.types.lsp')
074.136  000.044  000.044: require('cmp.types.vim')
074.137  000.226  000.043: require('cmp.types')
074.140  000.330  000.104: require('cmp.config.mapping')
074.188  000.048  000.048: require('cmp.utils.cache')
074.376  000.117  000.117: require('cmp.config.compare')
074.377  000.187  000.070: require('cmp.config.default')
074.387  000.678  000.113: require('cmp.config')
074.393  000.809  000.131: require('cmp.utils.async')
074.502  000.043  000.043: require('cmp.utils.pattern')
074.503  000.110  000.067: require('cmp.context')
075.147  000.180  000.180: require('cmp.utils.snippet')
075.257  000.108  000.108: require('cmp.matcher')
075.270  000.563  000.275: require('cmp.entry')
075.273  000.769  000.206: require('cmp.source')
075.443  000.048  000.048: require('cmp.utils.event')
075.757  000.060  000.060: require('cmp.utils.options')
075.761  000.232  000.172: require('cmp.utils.window')
075.763  000.318  000.086: require('cmp.view.docs_view')
076.048  000.060  000.060: require('cmp.utils.autocmd')
076.053  000.289  000.230: require('cmp.view.custom_entries_view')
076.183  000.130  000.130: require('cmp.view.wildmenu_entries_view')
076.282  000.098  000.098: require('cmp.view.native_entries_view')
076.374  000.091  000.091: require('cmp.view.ghost_text_view')
076.378  001.105  000.130: require('cmp.view')
076.816  004.046  000.660: require('cmp.core')
076.913  000.049  000.049: require('cmp.config.sources')
076.956  000.042  000.042: require('cmp.config.window')
076.976  004.360  000.223: require('cmp')
076.978  004.480  000.120: require('lsp-zero.cmp')
077.462  000.014  000.014: require('luasnip.util.types')
077.474  000.011  000.011: require('luasnip.util.lazy_table')
077.506  000.031  000.031: require('luasnip.extras.filetype_functions')
077.509  000.128  000.071: require('luasnip.default_config')
077.511  000.149  000.021: require('luasnip.session')
077.512  000.293  000.144: require('luasnip.util.util')
077.709  000.042  000.042: require('luasnip.util.ext_opts')
077.721  000.011  000.011: require('luasnip.nodes.key_indexer')
077.723  000.210  000.157: require('luasnip.nodes.util')
077.826  000.017  000.017: require('luasnip.session.snippet_collection.source')
077.840  000.013  000.013: require('luasnip.util.table')
077.860  000.020  000.020: require('luasnip.util.auto_table')
077.863  000.139  000.089: require('luasnip.session.snippet_collection')
078.026  000.048  000.048: require('luasnip.util.select')
078.039  000.012  000.012: require('luasnip.util.time')
078.281  000.366  000.305: require('luasnip.util._builtin_vars')
078.318  000.454  000.089: require('luasnip.util.environ')
078.352  000.033  000.033: require('luasnip.util.extend_decorator')
078.504  000.091  000.091: require('luasnip.util.path')
078.650  000.057  000.057: require('luasnip.util.log')
078.653  000.148  000.091: require('luasnip.loaders.util')
078.668  000.015  000.015: require('luasnip.loaders.data')
078.838  000.169  000.169: require('luasnip.loaders.fs_watchers')
078.840  000.487  000.065: require('luasnip.loaders')
078.898  000.050  000.050: require('luasnip.config')
078.899  001.919  000.252: require('luasnip')
080.720  000.399  000.399: require('vim.lsp.completion')
080.730  001.282  000.883: require('vim.lsp.handlers')
080.868  000.085  000.085: require('lspconfig.server_configurations.vtsls')
081.352  000.074  000.074: require('lspconfig.server_configurations.ltex')
081.439  000.033  000.033: require('mason-lspconfig.server_configurations.ltex')
081.562  000.057  000.057: require('lspconfig.server_configurations.yamlls')
082.643  000.066  000.066: require('lspconfig.server_configurations.matlab_ls')
083.366  000.085  000.085: require('lspconfig.server_configurations.pyright')
083.857  000.072  000.072: require('lsp-zero.cmp-mapping')
083.950  000.091  000.091: require('lspkind')
084.146  000.018  000.018: require('luasnip.session.enqueueable_operations')
084.744  000.017  000.017: require('luasnip.util.events')
084.749  000.191  000.173: require('luasnip.nodes.node')
084.903  000.153  000.153: require('luasnip.nodes.insertNode')
084.945  000.041  000.041: require('luasnip.nodes.textNode')
085.008  000.061  000.061: require('luasnip.util.mark')
085.049  000.040  000.040: require('luasnip.util.pattern_tokenizer')
085.073  000.023  000.023: require('luasnip.util.dict')
085.547  000.430  000.430: require('luasnip.util.jsregexp')
085.550  000.476  000.046: require('luasnip.nodes.util.trig_engines')
085.578  001.384  000.398: require('luasnip.nodes.snippet')
085.843  000.052  000.052: require('luasnip.util.parser.neovim_ast')
085.892  000.048  000.048: require('luasnip.util.str')
086.296  000.403  000.403: require('luasnip.util.jsregexp')
086.392  000.093  000.093: require('luasnip.util.directed_graph')
086.395  000.710  000.114: require('luasnip.util.parser.ast_utils')
086.487  000.091  000.091: require('luasnip.nodes.functionNode')
086.676  000.188  000.188: require('luasnip.nodes.choiceNode')
086.801  000.123  000.123: require('luasnip.nodes.dynamicNode')
086.829  000.026  000.026: require('luasnip.util.functions')
086.832  001.252  000.113: require('luasnip.util.parser.ast_parser')
086.985  000.153  000.153: require('luasnip.util.parser.neovim_parser')
086.988  002.841  000.053: require('luasnip.util.parser')
087.025  000.036  000.036: require('luasnip.nodes.snippetProxy')
087.217  000.191  000.191: require('luasnip.util.jsonc')
087.277  000.027  000.027: require('luasnip.nodes.duplicate')
087.278  000.059  000.032: require('luasnip.loaders.snippet_cache')
087.282  003.331  000.186: require('luasnip.loaders.from_vscode')
089.020  000.059  000.059: require('luasnip.nodes.multiSnippet')
090.945  038.180  011.465: require('codeyman2.plugins.lsp')
091.171  000.079  000.079: require('telescope._extensions')
091.173  000.195  000.116: require('telescope')
092.495  000.148  000.148: require('plenary.bit')
092.578  000.081  000.081: require('plenary.functional')
092.595  000.011  000.011: require('ffi')
092.610  001.090  000.851: require('plenary.path')
093.064  001.670  000.580: require('plenary.strings')
093.136  000.071  000.071: require('telescope.deprecated')
093.626  000.197  000.197: require('plenary.log')
093.656  000.284  000.088: require('telescope.log')
094.252  000.058  000.058: require('plenary.compat')
094.258  000.309  000.251: require('plenary.job')
094.330  000.071  000.071: require('telescope.state')
094.336  000.679  000.298: require('telescope.utils')
094.341  001.203  000.241: require('telescope.sorters')
095.260  004.086  001.141: require('telescope.config')
095.822  000.114  000.114: require('telescope._extensions.noice')
095.858  004.909  000.515: require('codeyman2.plugins.telescope')
095.984  000.105  000.105: require('lspsaga')
096.195  000.066  000.066: require('lspsaga.lspkind')
096.197  000.139  000.073: require('lspsaga.highlight')
097.043  000.661  000.661: require('vim.version')
097.830  001.536  000.874: require('lspsaga.codeaction.lightbulb')
099.480  001.009  001.009: require('lspsaga.symbol.head')
099.525  003.665  000.877: require('codeyman2.plugins.lsp.lspsaga')
099.694  000.122  000.122: require('null-ls.builtins.formatting.prettier')
099.782  000.086  000.086: require('null-ls.builtins.formatting.stylua')
099.940  000.156  000.156: require('null-ls.builtins.formatting.black')
100.013  000.068  000.068: require('null-ls.builtins.formatting.yamlfmt')
100.067  000.052  000.052: require('null-ls.builtins.formatting.latexindent')
100.202  000.135  000.135: require('null-ls.builtins.diagnostics.cpplint')
100.340  000.134  000.134: require('null-ls.builtins.diagnostics.pylint')
100.394  000.052  000.052: require('null-ls.builtins.diagnostics.yamllint')
100.878  000.143  000.143: require('null-ls.client')
100.895  001.369  000.420: require('codeyman2.plugins.lsp.null-ls')
101.211  000.044  000.044: require('nvim-autopairs._log')
101.312  000.099  000.099: require('nvim-autopairs.utils')
101.592  000.118  000.118: require('nvim-autopairs.conds')
101.595  000.214  000.096: require('nvim-autopairs.rule')
101.596  000.284  000.070: require('nvim-autopairs.rules.basic')
101.600  000.687  000.260: require('nvim-autopairs')
101.832  000.088  000.088: require('nvim-autopairs.ts-conds')
101.834  000.136  000.048: require('nvim-autopairs.rules.ts_basic')
102.362  000.527  000.527: require('vim.treesitter.highlighter')
102.668  000.075  000.075: require('nvim-autopairs.completion.handlers')
102.670  000.147  000.071: require('nvim-autopairs.completion.cmp')
102.674  001.778  000.281: require('codeyman2.plugins.autopairs')
102.832  000.064  000.064: require('gitsigns.async')
102.905  000.072  000.072: require('gitsigns.debug.log')
103.052  000.146  000.146: require('gitsigns.config')
103.054  000.371  000.089: require('gitsigns')
103.195  000.116  000.116: require('gitsigns.highlight')
103.412  000.042  000.042: require('gitsigns.debounce')
103.417  000.742  000.213: require('codeyman2.plugins.gitsigns')
103.537  000.096  000.096: require('ufo')
107.434  000.052  000.052: require('ufo.lib.disposable')
107.531  000.094  000.094: require('ufo.lib.log')
107.533  000.212  000.066: require('ufo.lib.event')
107.687  000.154  000.154: require('ufo.utils')
108.082  000.065  000.065: require('promise-async.utils')
108.183  000.099  000.099: require('promise-async.error')
108.267  000.081  000.081: require('promise-async.loop')
108.270  000.458  000.213: require('promise')
108.272  000.581  000.123: require('ufo.provider')
108.460  000.070  000.070: require('ufo.config')
108.821  000.097  000.097: require('promise-async.compat')
108.824  000.363  000.266: require('async')
109.534  000.482  000.482: require('ufo.model.buffer')
109.618  000.081  000.081: require('ufo.model.foldedline')
109.622  000.681  000.118: require('ufo.model.foldbuffer')
109.719  000.096  000.096: require('ufo.bufmanager')
109.883  000.076  000.076: require('ufo.wffi')
109.884  000.164  000.089: require('ufo.fold.driver')
109.886  001.061  000.119: require('ufo.fold.manager')
109.950  000.062  000.062: require('ufo.lib.debounce')
109.956  001.683  000.126: require('ufo.fold')
110.201  000.068  000.068: require('ufo.model.window')
110.423  000.074  000.074: require('ufo.highlight')
110.488  000.064  000.064: require('ufo.render.extmark')
110.558  000.069  000.069: require('ufo.render.treesitter')
110.612  000.054  000.054: require('ufo.render.match')
110.613  000.412  000.151: require('ufo.render')
110.616  000.659  000.180: require('ufo.decorator')
110.912  000.121  000.121: require('ufo.preview.floatwin')
110.990  000.077  000.077: require('ufo.preview.scrollbar')
111.054  000.063  000.063: require('ufo.preview.winbar')
111.128  000.074  000.074: require('ufo.preview.keymap')
111.131  000.515  000.180: require('ufo.preview')
111.133  003.950  000.145: require('ufo.main')
111.262  007.844  003.798: require('codeyman2.plugins.nvim-ufo')
111.523  000.072  000.072: require('neoscroll.config')
111.581  000.057  000.057: require('neoscroll.window')
111.632  000.050  000.050: require('neoscroll.logic')
111.730  000.098  000.098: require('neoscroll.scroll')
111.744  000.457  000.180: require('neoscroll')
111.970  000.707  000.250: require('codeyman2.plugins.neoscroll')
112.479  000.487  000.487: require('mini.map')
112.571  000.599  000.112: require('codeyman2.plugins.minimap')
112.808  000.105  000.105: require('noice.config')
113.060  000.079  000.079: require('noice.util.call')
113.063  000.253  000.174: require('noice.util')
113.065  000.474  000.116: require('noice.health')
113.073  000.501  000.026: require('codeyman2.plugins.noice')
113.431  000.349  000.349: require('sniprun')
113.722  000.126  000.126: require('sniprun.display')
113.726  000.652  000.177: require('codeyman2.plugins.sniprun')
113.736  000.010  000.010: require('codeyman2.plugins.vimtex')
113.745  106.148  000.058: sourcing /home/codey/.config/nvim/init.lua
113.748  000.682: sourcing vimrc file(s)
114.629  000.013  000.013: sourcing /home/codey/.local/share/nvim/site/pack/packer/start/vimtex/ftdetect/cls.vim
114.644  000.009  000.009: sourcing /home/codey/.local/share/nvim/site/pack/packer/start/vimtex/ftdetect/tex.vim
114.655  000.006  000.006: sourcing /home/codey/.local/share/nvim/site/pack/packer/start/vimtex/ftdetect/tikz.vim
114.781  000.766  000.738: sourcing /tmp/.mount_nvimKJgmpo/usr/share/nvim/runtime/filetype.lua
115.481  000.069  000.069: sourcing /tmp/.mount_nvimKJgmpo/usr/share/nvim/runtime/syntax/synload.vim
115.559  000.566  000.497: sourcing /tmp/.mount_nvimKJgmpo/usr/share/nvim/runtime/syntax/syntax.vim
118.066  000.040  000.040: require('Navigator.navigate')
118.070  001.264  001.224: require('Navigator')
118.117  000.018  000.018: require('Navigator.mux.vi')
118.118  000.047  000.029: require('Navigator.mux.tmux')
118.565  000.161  000.161: require('neogit.lib.util')
118.580  000.449  000.288: require('neogit.config')
118.619  000.038  000.038: require('neogit.lib.signs')
118.989  000.055  000.055: require('plenary.tbl')
118.991  000.129  000.073: require('plenary.vararg.rotate')
118.992  000.177  000.048: require('plenary.vararg')
119.044  000.052  000.052: require('plenary.errors')
119.046  000.308  000.079: require('plenary.async.async')
119.468  000.108  000.108: require('plenary.async.structs')
119.474  000.295  000.187: require('plenary.async.control')
119.478  000.379  000.084: require('plenary.async.util')
119.479  000.432  000.053: require('plenary.async.tests')
119.480  000.815  000.075: require('plenary.async')
120.046  000.099  000.099: require('neogit.logger')
120.332  000.070  000.070: require('neogit.lib.ui.component')
120.445  000.112  000.112: require('neogit.lib.ui.renderer')
120.493  000.047  000.047: require('neogit.lib.collection')
120.497  000.449  000.220: require('neogit.lib.ui')
120.504  000.866  000.318: require('neogit.lib.buffer')
120.962  000.034  000.034: require('neogit.lib.git')
120.968  000.193  000.159: require('neogit.buffers.common')
120.973  000.468  000.275: require('neogit.buffers.status.ui')
121.013  000.040  000.040: require('neogit.popups')
121.081  000.067  000.067: require('neogit.watcher')
121.092  001.611  000.170: require('neogit.buffers.status')
121.093  002.474  000.047: require('neogit.autocmds')
121.398  000.131  000.131: require('neogit.lib.color')
121.400  000.306  000.175: require('neogit.lib.hl')
121.464  000.064  000.064: require('neogit.lib.state')
121.807  000.044  000.044: require('neogit.lib.notification')
121.809  000.145  000.101: require('neogit.lib.popup.builder')
121.866  000.055  000.055: require('neogit.lib.input')
122.021  000.108  000.108: require('neogit.lib.finder')
122.022  000.156  000.048: require('neogit.buffers.fuzzy_finder')
122.137  000.113  000.113: require('neogit.lib.popup.ui')
122.139  000.642  000.172: require('neogit.lib.popup')
122.170  000.703  000.061: require('neogit.lib')
122.590  000.123  000.123: require('neogit.process')
122.606  000.434  000.311: require('neogit.lib.git.cli')
124.310  000.106  000.106: require('devcontainer.config')
124.814  000.052  000.052: require('devcontainer.internal.validation')
124.895  000.080  000.080: require('devcontainer.internal.log')
124.995  000.100  000.100: require('devcontainer.internal.runtimes')
124.999  000.301  000.070: require('devcontainer.compose')
125.156  000.156  000.156: require('devcontainer.container')
125.281  000.047  000.047: require('devcontainer.internal.utils')
125.369  000.088  000.088: require('devcontainer.status')
125.428  000.058  000.058: require('devcontainer.internal.container_executor')
125.430  000.273  000.080: require('devcontainer.internal.nvim')
125.479  000.048  000.048: require('devcontainer.container_utils')
125.713  000.080  000.080: require('devcontainer.config_file.jsonc')
125.716  000.237  000.157: require('devcontainer.config_file.parse')
125.790  000.073  000.073: require('devcontainer.internal.executor')
125.795  001.483  000.394: require('devcontainer.commands')
125.841  000.045  000.045: require('devcontainer.internal.cmdline')
125.842  001.828  000.194: require('devcontainer')
422.227  000.205  000.205: require('ibl.utils')
422.235  000.349  000.144: require('ibl.config')
422.400  000.060  000.060: require('ibl.indent')
422.402  000.166  000.107: require('ibl.hooks')
422.404  000.583  000.068: require('ibl.highlights')
422.446  000.042  000.042: require('ibl.autocmds')
422.511  000.064  000.064: require('ibl.inlay_hints')
422.582  000.070  000.070: require('ibl.virt_text')
422.812  000.181  000.181: require('ibl.scope_languages')
422.814  000.231  000.050: require('ibl.scope')
422.817  001.279  000.289: require('ibl')
423.511  000.047  000.047: require('auto-session.logger')
423.519  000.146  000.099: require('auto-session.lib')
423.558  000.038  000.038: require('auto-session.autocmds')
423.576  000.609  000.425: require('auto-session')
423.677  000.032  000.032: require('auto-session.session-lens.library')
423.724  000.046  000.046: require('auto-session.session-lens.actions')
423.727  000.139  000.061: require('auto-session.session-lens')
423.893  000.045  000.045: require('leap')
423.984  000.090  000.090: require('leap.user')
424.276  000.086  000.086: require('notify.stages.slide')
424.622  000.074  000.074: require('tint.colors')
424.708  000.084  000.084: require('tint.transforms')
424.712  000.409  000.251: require('tint')
424.845  000.048  000.048: require('neogen.config')
424.898  000.053  000.053: require('neogen.utilities.helpers')
424.984  000.085  000.085: require('neogen.mark')
424.986  000.264  000.078: require('neogen')
425.573  000.132  000.132: require('which-key.util')
425.575  000.222  000.090: require('which-key.tree')
425.676  000.100  000.100: require('which-key.config')
425.679  000.556  000.234: require('which-key.keys')
425.681  000.667  000.111: require('which-key')
427.068  000.077  000.077: require('nvim-treesitter.statusline')
427.192  000.122  000.122: require('nvim-treesitter.query_predicates')
427.194  001.408  001.210: require('nvim-treesitter')
427.876  002.109  000.701: sourcing /home/codey/.local/share/nvim/site/pack/packer/start/nvim-treesitter/plugin/nvim-treesitter.lua
430.387  000.087  000.087: require('nvim-ts-autotag._log')
430.474  000.084  000.084: require('nvim-ts-autotag.config.init')
430.865  000.174  000.174: require('nvim-ts-autotag.utils')
430.868  000.250  000.076: require('nvim-ts-autotag.config.ft')
430.872  000.397  000.147: require('nvim-ts-autotag.config.plugin')
431.112  001.069  000.501: require('nvim-ts-autotag.internal')
431.118  002.569  001.500: require('nvim-ts-autotag')
431.197  002.658  000.089: sourcing /home/codey/.local/share/nvim/site/pack/packer/opt/nvim-ts-autotag/plugin/nvim-ts-autotag.lua
431.377  315.123  299.160: sourcing /home/codey/.config/nvim/plugin/packer_compiled.lua
432.510  000.470  000.470: sourcing /tmp/.mount_nvimKJgmpo/usr/share/nvim/runtime/plugin/gzip.vim
433.661  000.415  000.415: sourcing /tmp/.mount_nvimKJgmpo/usr/share/nvim/runtime/pack/dist/opt/matchit/plugin/matchit.vim
433.749  001.173  000.758: sourcing /tmp/.mount_nvimKJgmpo/usr/share/nvim/runtime/plugin/matchit.vim
433.881  000.096  000.096: sourcing /tmp/.mount_nvimKJgmpo/usr/share/nvim/runtime/plugin/matchparen.vim
433.952  000.034  000.034: sourcing /tmp/.mount_nvimKJgmpo/usr/share/nvim/runtime/plugin/netrwPlugin.vim
434.074  000.004  000.004: sourcing /home/codey/.local/share/nvim/rplugin.vim
434.077  000.090  000.086: sourcing /tmp/.mount_nvimKJgmpo/usr/share/nvim/runtime/plugin/rplugin.vim
434.163  000.057  000.057: sourcing /tmp/.mount_nvimKJgmpo/usr/share/nvim/runtime/plugin/shada.vim
434.233  000.031  000.031: sourcing /tmp/.mount_nvimKJgmpo/usr/share/nvim/runtime/plugin/spellfile.vim
434.341  000.068  000.068: sourcing /tmp/.mount_nvimKJgmpo/usr/share/nvim/runtime/plugin/tarPlugin.vim
434.410  000.031  000.031: sourcing /tmp/.mount_nvimKJgmpo/usr/share/nvim/runtime/plugin/tutor.vim
434.537  000.089  000.089: sourcing /tmp/.mount_nvimKJgmpo/usr/share/nvim/runtime/plugin/zipPlugin.vim
434.661  000.084  000.084: sourcing /tmp/.mount_nvimKJgmpo/usr/share/nvim/runtime/plugin/editorconfig.lua
434.802  000.104  000.104: sourcing /tmp/.mount_nvimKJgmpo/usr/share/nvim/runtime/plugin/man.lua
434.927  000.086  000.086: sourcing /tmp/.mount_nvimKJgmpo/usr/share/nvim/runtime/plugin/osc52.lua
435.033  000.069  000.069: sourcing /tmp/.mount_nvimKJgmpo/usr/share/nvim/runtime/plugin/tohtml.lua
435.095  002.409: loading rtp plugins
435.423  000.088  000.088: sourcing /home/codey/.local/share/nvim/site/pack/packer/start/Comment.nvim/plugin/Comment.lua
435.467  000.013  000.013: sourcing /home/codey/.local/share/nvim/site/pack/packer/start/LuaSnip/plugin/luasnip.vim
436.808  001.248  001.248: require('vim.filetype')
436.998  001.524  000.276: sourcing /home/codey/.local/share/nvim/site/pack/packer/start/LuaSnip/plugin/luasnip.lua
437.055  000.016  000.016: sourcing /home/codey/.local/share/nvim/site/pack/packer/start/Navigator.nvim/plugin/Navigator.lua
437.180  000.095  000.095: sourcing /home/codey/.local/share/nvim/site/pack/packer/start/ReplaceWithRegister/plugin/ReplaceWithRegister.vim
438.595  000.067  000.067: require('diffview.lazy')
439.123  000.042  000.042: require('diffview.ffi')
439.240  000.115  000.115: require('diffview.oop')
439.259  000.396  000.239: require('diffview.async')
439.797  000.521  000.521: require('diffview.utils')
439.916  000.041  000.041: require('diffview.mock')
439.926  001.301  000.344: require('diffview.logger')
440.059  000.126  000.126: require('diffview.control')
440.171  000.104  000.104: require('diffview.events')
440.184  002.882  001.284: require('diffview.bootstrap')
440.198  002.937  000.055: sourcing /home/codey/.local/share/nvim/site/pack/packer/start/diffview.nvim/plugin/diffview.lua
440.790  000.093  000.093: require('gitblame.utils')
440.794  000.212  000.118: require('gitblame.git')
440.884  000.029  000.029: require('lua-timeago/languages/en')
440.886  000.091  000.062: require('lua-timeago')
440.898  000.643  000.341: require('gitblame')
440.929  000.031  000.031: require('gitblame.config')
440.996  000.757  000.083: sourcing /home/codey/.local/share/nvim/site/pack/packer/start/git-blame.nvim/plugin/gitblame.lua
441.178  000.133  000.133: sourcing /home/codey/.local/share/nvim/site/pack/packer/start/leap.nvim/plugin/init.lua
441.220  000.016  000.016: sourcing /home/codey/.local/share/nvim/site/pack/packer/start/lsp-zero.nvim/plugin/lsp-zero.lua
441.279  000.018  000.018: sourcing /home/codey/.local/share/nvim/site/pack/packer/start/lspsaga.nvim/plugin/lspsaga.lua
441.335  000.025  000.025: sourcing /home/codey/.local/share/nvim/site/pack/packer/start/lush.nvim/plugin/lush.vim
441.408  000.018  000.018: sourcing /home/codey/.local/share/nvim/site/pack/packer/start/neogit/plugin/neogit.lua
441.587  000.073  000.073: require('cmp.utils.highlight')
441.812  000.348  000.275: sourcing /home/codey/.local/share/nvim/site/pack/packer/start/nvim-cmp/plugin/cmp.lua
441.989  000.138  000.138: sourcing /home/codey/.local/share/nvim/site/pack/packer/start/nvim-dap/plugin/dap.lua
442.073  000.018  000.018: sourcing /home/codey/.local/share/nvim/site/pack/packer/start/nvim-jdtls/plugin/nvim_jdtls.vim
442.205  000.108  000.108: sourcing /home/codey/.local/share/nvim/site/pack/packer/start/nvim-lspconfig/plugin/lspconfig.lua
442.277  000.041  000.041: sourcing /home/codey/.local/share/nvim/site/pack/packer/start/nvim-transparent/plugin/transparent.vim
442.325  000.016  000.016: sourcing /home/codey/.local/share/nvim/site/pack/packer/start/nvim-treesitter/plugin/nvim-treesitter.lua
442.370  000.017  000.017: sourcing /home/codey/.local/share/nvim/site/pack/packer/start/nvim-web-devicons/plugin/nvim-web-devicons.vim
442.525  000.102  000.102: require('nvim-treesitter-playground')
442.547  000.142  000.040: sourcing /home/codey/.local/share/nvim/site/pack/packer/start/playground/plugin/nvim-treesitter-playground.lua
442.590  000.017  000.017: sourcing /home/codey/.local/share/nvim/site/pack/packer/start/plenary.nvim/plugin/plenary.vim
442.629  000.006  000.006: sourcing /home/codey/.local/share/nvim/site/pack/packer/start/sniprun/plugin/sniprun.vim
442.867  000.215  000.215: sourcing /home/codey/.local/share/nvim/site/pack/packer/start/telescope.nvim/plugin/telescope.lua
442.996  000.089  000.089: sourcing /home/codey/.local/share/nvim/site/pack/packer/start/undotree/plugin/undotree.vim
443.072  000.044  000.044: sourcing /home/codey/.local/share/nvim/site/pack/packer/start/vim-maximizer/plugin/maximizer.vim
443.269  000.162  000.162: sourcing /home/codey/.local/share/nvim/site/pack/packer/start/vim-surround/plugin/surround.vim
443.314  000.014  000.014: sourcing /home/codey/.local/share/nvim/site/pack/packer/start/vimtex/plugin/vimtex.vim
443.347  000.004  000.004: sourcing /home/codey/.local/share/nvim/site/pack/packer/start/which-key.nvim/plugin/which-key.vim
443.614  001.503: loading packages
443.937  000.030  000.030: require('cmp_buffer.timer')
443.943  000.178  000.148: require('cmp_buffer.buffer')
443.945  000.270  000.091: require('cmp_buffer.source')
443.946  000.291  000.022: require('cmp_buffer')
443.965  000.320  000.029: sourcing /home/codey/.local/share/nvim/site/pack/packer/start/cmp-buffer/after/plugin/cmp_buffer.lua
444.140  000.143  000.143: require('cmp_cmdline')
444.152  000.161  000.019: sourcing /home/codey/.local/share/nvim/site/pack/packer/start/cmp-cmdline/after/plugin/cmp_cmdline.lua
444.191  000.012  000.012: sourcing /home/codey/.local/share/nvim/site/pack/packer/start/cmp-nvim-lsp/after/plugin/cmp_nvim_lsp.lua
444.357  000.138  000.138: require('cmp_path')
444.369  000.156  000.018: sourcing /home/codey/.local/share/nvim/site/pack/packer/start/cmp-path/after/plugin/cmp_path.lua
444.511  000.103  000.103: require('cmp_luasnip')
444.528  000.135  000.031: sourcing /home/codey/.local/share/nvim/site/pack/packer/start/cmp_luasnip/after/plugin/cmp_luasnip.lua
444.595  000.042  000.042: sourcing /home/codey/.local/share/nvim/site/pack/packer/start/indent-blankline.nvim/after/plugin/commands.lua
444.607  000.167: loading after plugins
444.613  000.006: inits 3
446.623  002.010: reading ShaDa
447.077  000.179  000.179: require('luasnip.loaders.from_lua')
447.263  000.183  000.183: require('luasnip.loaders.from_snipmate')
447.273  000.288: opening buffers
447.393  000.120: BufEnter autocommands
447.395  000.002: editing files in windows
447.401  000.006: --- NVIM STARTED ---

